{"C:\\Users\\arief\\Documents\\Projects\\learn-nodejs-restful-api\\__test__\\test-util.js": {"path":"C:\\Users\\arief\\Documents\\Projects\\learn-nodejs-restful-api\\__test__\\test-util.js","statementMap":{"0":{"start":{"line":5,"column":30},"end":{"line":11,"column":1}},"1":{"start":{"line":6,"column":4},"end":{"line":10,"column":7}},"2":{"start":{"line":13,"column":30},"end":{"line":22,"column":1}},"3":{"start":{"line":14,"column":4},"end":{"line":21,"column":7}},"4":{"start":{"line":24,"column":27},"end":{"line":30,"column":1}},"5":{"start":{"line":25,"column":4},"end":{"line":29,"column":7}},"6":{"start":{"line":32,"column":37},"end":{"line":38,"column":1}},"7":{"start":{"line":33,"column":4},"end":{"line":37,"column":7}},"8":{"start":{"line":40,"column":33},"end":{"line":50,"column":1}},"9":{"start":{"line":41,"column":4},"end":{"line":49,"column":7}},"10":{"start":{"line":52,"column":38},"end":{"line":64,"column":1}},"11":{"start":{"line":53,"column":4},"end":{"line":63,"column":5}},"12":{"start":{"line":53,"column":17},"end":{"line":53,"column":18}},"13":{"start":{"line":54,"column":8},"end":{"line":62,"column":11}},"14":{"start":{"line":66,"column":30},"end":{"line":72,"column":1}},"15":{"start":{"line":67,"column":4},"end":{"line":71,"column":7}}},"fnMap":{"0":{"name":"(anonymous_0)","decl":{"start":{"line":5,"column":30},"end":{"line":5,"column":31}},"loc":{"start":{"line":5,"column":42},"end":{"line":11,"column":1}},"line":5},"1":{"name":"(anonymous_1)","decl":{"start":{"line":13,"column":30},"end":{"line":13,"column":31}},"loc":{"start":{"line":13,"column":42},"end":{"line":22,"column":1}},"line":13},"2":{"name":"(anonymous_2)","decl":{"start":{"line":24,"column":27},"end":{"line":24,"column":28}},"loc":{"start":{"line":24,"column":39},"end":{"line":30,"column":1}},"line":24},"3":{"name":"(anonymous_3)","decl":{"start":{"line":32,"column":37},"end":{"line":32,"column":38}},"loc":{"start":{"line":32,"column":49},"end":{"line":38,"column":1}},"line":32},"4":{"name":"(anonymous_4)","decl":{"start":{"line":40,"column":33},"end":{"line":40,"column":34}},"loc":{"start":{"line":40,"column":45},"end":{"line":50,"column":1}},"line":40},"5":{"name":"(anonymous_5)","decl":{"start":{"line":52,"column":38},"end":{"line":52,"column":39}},"loc":{"start":{"line":52,"column":50},"end":{"line":64,"column":1}},"line":52},"6":{"name":"(anonymous_6)","decl":{"start":{"line":66,"column":30},"end":{"line":66,"column":31}},"loc":{"start":{"line":66,"column":42},"end":{"line":72,"column":1}},"line":66}},"branchMap":{},"s":{"0":2,"1":13,"2":2,"3":13,"4":2,"5":2,"6":2,"7":2,"8":2,"9":0,"10":2,"11":0,"12":0,"13":0,"14":2,"15":0},"f":{"0":13,"1":13,"2":2,"3":2,"4":0,"5":0,"6":0},"b":{},"_coverageSchema":"1a1c01bbd47fc00a2c39e90264f33305004495a9","hash":"cdd731737e1d89b15316693e8a584a2d69b28953"}
,"C:\\Users\\arief\\Documents\\Projects\\learn-nodejs-restful-api\\src\\application\\database.js": {"path":"C:\\Users\\arief\\Documents\\Projects\\learn-nodejs-restful-api\\src\\application\\database.js","statementMap":{"0":{"start":{"line":5,"column":28},"end":{"line":24,"column":2}},"1":{"start":{"line":26,"column":0},"end":{"line":28,"column":3}},"2":{"start":{"line":27,"column":4},"end":{"line":27,"column":20}},"3":{"start":{"line":30,"column":0},"end":{"line":32,"column":3}},"4":{"start":{"line":31,"column":4},"end":{"line":31,"column":19}},"5":{"start":{"line":34,"column":0},"end":{"line":36,"column":3}},"6":{"start":{"line":35,"column":4},"end":{"line":35,"column":19}},"7":{"start":{"line":38,"column":0},"end":{"line":40,"column":3}},"8":{"start":{"line":39,"column":4},"end":{"line":39,"column":19}}},"fnMap":{"0":{"name":"(anonymous_0)","decl":{"start":{"line":26,"column":26},"end":{"line":26,"column":27}},"loc":{"start":{"line":26,"column":33},"end":{"line":28,"column":1}},"line":26},"1":{"name":"(anonymous_1)","decl":{"start":{"line":30,"column":25},"end":{"line":30,"column":26}},"loc":{"start":{"line":30,"column":32},"end":{"line":32,"column":1}},"line":30},"2":{"name":"(anonymous_2)","decl":{"start":{"line":34,"column":25},"end":{"line":34,"column":26}},"loc":{"start":{"line":34,"column":32},"end":{"line":36,"column":1}},"line":34},"3":{"name":"(anonymous_3)","decl":{"start":{"line":38,"column":26},"end":{"line":38,"column":27}},"loc":{"start":{"line":38,"column":33},"end":{"line":40,"column":1}},"line":38}},"branchMap":{},"s":{"0":2,"1":2,"2":0,"3":2,"4":0,"5":2,"6":2,"7":2,"8":193},"f":{"0":0,"1":0,"2":2,"3":193},"b":{},"_coverageSchema":"1a1c01bbd47fc00a2c39e90264f33305004495a9","hash":"31cf774fce0c049809f390a1e3fe9378d97919b2"}
,"C:\\Users\\arief\\Documents\\Projects\\learn-nodejs-restful-api\\src\\application\\logging.js": {"path":"C:\\Users\\arief\\Documents\\Projects\\learn-nodejs-restful-api\\src\\application\\logging.js","statementMap":{"0":{"start":{"line":3,"column":22},"end":{"line":7,"column":2}}},"fnMap":{},"branchMap":{},"s":{"0":2},"f":{},"b":{},"_coverageSchema":"1a1c01bbd47fc00a2c39e90264f33305004495a9","hash":"9675382ae0affb341d0405efe1f2840e229efcba"}
,"C:\\Users\\arief\\Documents\\Projects\\learn-nodejs-restful-api\\src\\application\\web.js": {"path":"C:\\Users\\arief\\Documents\\Projects\\learn-nodejs-restful-api\\src\\application\\web.js","statementMap":{"0":{"start":{"line":6,"column":19},"end":{"line":6,"column":28}},"1":{"start":{"line":8,"column":0},"end":{"line":8,"column":48}},"2":{"start":{"line":9,"column":0},"end":{"line":9,"column":24}},"3":{"start":{"line":10,"column":0},"end":{"line":10,"column":22}},"4":{"start":{"line":11,"column":0},"end":{"line":11,"column":22}},"5":{"start":{"line":12,"column":0},"end":{"line":12,"column":25}}},"fnMap":{},"branchMap":{},"s":{"0":2,"1":2,"2":2,"3":2,"4":2,"5":2},"f":{},"b":{},"_coverageSchema":"1a1c01bbd47fc00a2c39e90264f33305004495a9","hash":"fce43e35bd914fe5e744d4bb38bede3649bce236"}
,"C:\\Users\\arief\\Documents\\Projects\\learn-nodejs-restful-api\\src\\controller\\contact-controller.js": {"path":"C:\\Users\\arief\\Documents\\Projects\\learn-nodejs-restful-api\\src\\controller\\contact-controller.js","statementMap":{"0":{"start":{"line":3,"column":15},"end":{"line":15,"column":1}},"1":{"start":{"line":4,"column":4},"end":{"line":14,"column":5}},"2":{"start":{"line":5,"column":21},"end":{"line":5,"column":29}},"3":{"start":{"line":6,"column":24},"end":{"line":6,"column":32}},"4":{"start":{"line":7,"column":23},"end":{"line":7,"column":65}},"5":{"start":{"line":9,"column":8},"end":{"line":11,"column":11}},"6":{"start":{"line":13,"column":8},"end":{"line":13,"column":20}}},"fnMap":{"0":{"name":"(anonymous_0)","decl":{"start":{"line":3,"column":15},"end":{"line":3,"column":16}},"loc":{"start":{"line":3,"column":41},"end":{"line":15,"column":1}},"line":3}},"branchMap":{},"s":{"0":2,"1":2,"2":2,"3":2,"4":2,"5":1,"6":1},"f":{"0":2},"b":{},"_coverageSchema":"1a1c01bbd47fc00a2c39e90264f33305004495a9","hash":"06d385a80188b34376124f73315b47ed89616b57"}
,"C:\\Users\\arief\\Documents\\Projects\\learn-nodejs-restful-api\\src\\controller\\user-controller.js": {"path":"C:\\Users\\arief\\Documents\\Projects\\learn-nodejs-restful-api\\src\\controller\\user-controller.js","statementMap":{"0":{"start":{"line":3,"column":17},"end":{"line":13,"column":1}},"1":{"start":{"line":4,"column":4},"end":{"line":12,"column":5}},"2":{"start":{"line":5,"column":23},"end":{"line":5,"column":59}},"3":{"start":{"line":7,"column":8},"end":{"line":9,"column":11}},"4":{"start":{"line":11,"column":8},"end":{"line":11,"column":20}},"5":{"start":{"line":15,"column":14},"end":{"line":25,"column":1}},"6":{"start":{"line":16,"column":4},"end":{"line":24,"column":5}},"7":{"start":{"line":17,"column":23},"end":{"line":17,"column":56}},"8":{"start":{"line":19,"column":8},"end":{"line":21,"column":11}},"9":{"start":{"line":23,"column":8},"end":{"line":23,"column":20}},"10":{"start":{"line":27,"column":12},"end":{"line":37,"column":1}},"11":{"start":{"line":28,"column":4},"end":{"line":36,"column":5}},"12":{"start":{"line":29,"column":25},"end":{"line":29,"column":40}},"13":{"start":{"line":30,"column":23},"end":{"line":30,"column":54}},"14":{"start":{"line":31,"column":8},"end":{"line":33,"column":11}},"15":{"start":{"line":35,"column":8},"end":{"line":35,"column":16}},"16":{"start":{"line":39,"column":15},"end":{"line":54,"column":1}},"17":{"start":{"line":40,"column":4},"end":{"line":53,"column":5}},"18":{"start":{"line":41,"column":25},"end":{"line":41,"column":42}},"19":{"start":{"line":42,"column":24},"end":{"line":42,"column":32}},"20":{"start":{"line":45,"column":8},"end":{"line":45,"column":36}},"21":{"start":{"line":47,"column":23},"end":{"line":47,"column":56}},"22":{"start":{"line":48,"column":8},"end":{"line":50,"column":11}},"23":{"start":{"line":52,"column":8},"end":{"line":52,"column":20}},"24":{"start":{"line":56,"column":15},"end":{"line":65,"column":1}},"25":{"start":{"line":57,"column":4},"end":{"line":64,"column":5}},"26":{"start":{"line":58,"column":8},"end":{"line":58,"column":52}},"27":{"start":{"line":59,"column":8},"end":{"line":61,"column":11}},"28":{"start":{"line":63,"column":8},"end":{"line":63,"column":20}}},"fnMap":{"0":{"name":"(anonymous_0)","decl":{"start":{"line":3,"column":17},"end":{"line":3,"column":18}},"loc":{"start":{"line":3,"column":43},"end":{"line":13,"column":1}},"line":3},"1":{"name":"(anonymous_1)","decl":{"start":{"line":15,"column":14},"end":{"line":15,"column":15}},"loc":{"start":{"line":15,"column":40},"end":{"line":25,"column":1}},"line":15},"2":{"name":"(anonymous_2)","decl":{"start":{"line":27,"column":12},"end":{"line":27,"column":13}},"loc":{"start":{"line":27,"column":38},"end":{"line":37,"column":1}},"line":27},"3":{"name":"(anonymous_3)","decl":{"start":{"line":39,"column":15},"end":{"line":39,"column":16}},"loc":{"start":{"line":39,"column":41},"end":{"line":54,"column":1}},"line":39},"4":{"name":"(anonymous_4)","decl":{"start":{"line":56,"column":15},"end":{"line":56,"column":16}},"loc":{"start":{"line":56,"column":35},"end":{"line":65,"column":1}},"line":56}},"branchMap":{},"s":{"0":2,"1":4,"2":4,"3":2,"4":2,"5":2,"6":4,"7":4,"8":1,"9":3,"10":2,"11":1,"12":1,"13":1,"14":1,"15":0,"16":2,"17":2,"18":2,"19":2,"20":2,"21":2,"22":2,"23":0,"24":2,"25":1,"26":1,"27":1,"28":0},"f":{"0":4,"1":4,"2":1,"3":2,"4":1},"b":{},"_coverageSchema":"1a1c01bbd47fc00a2c39e90264f33305004495a9","hash":"b7194aef0cae3a4cd55f15e9fecbc30fdc462834"}
,"C:\\Users\\arief\\Documents\\Projects\\learn-nodejs-restful-api\\src\\error\\response-error.js": {"path":"C:\\Users\\arief\\Documents\\Projects\\learn-nodejs-restful-api\\src\\error\\response-error.js","statementMap":{"0":{"start":{"line":3,"column":8},"end":{"line":3,"column":23}},"1":{"start":{"line":4,"column":8},"end":{"line":4,"column":29}}},"fnMap":{"0":{"name":"(anonymous_0)","decl":{"start":{"line":2,"column":4},"end":{"line":2,"column":5}},"loc":{"start":{"line":2,"column":33},"end":{"line":5,"column":5}},"line":2}},"branchMap":{},"s":{"0":6,"1":6},"f":{"0":6},"b":{},"_coverageSchema":"1a1c01bbd47fc00a2c39e90264f33305004495a9","hash":"692d3dce6b2c5479e46922452d576ebce4fdd1e3"}
,"C:\\Users\\arief\\Documents\\Projects\\learn-nodejs-restful-api\\src\\middleware\\auth-middleware.js": {"path":"C:\\Users\\arief\\Documents\\Projects\\learn-nodejs-restful-api\\src\\middleware\\auth-middleware.js","statementMap":{"0":{"start":{"line":3,"column":30},"end":{"line":28,"column":1}},"1":{"start":{"line":4,"column":18},"end":{"line":4,"column":42}},"2":{"start":{"line":5,"column":4},"end":{"line":27,"column":5}},"3":{"start":{"line":6,"column":8},"end":{"line":10,"column":19}},"4":{"start":{"line":12,"column":21},"end":{"line":16,"column":10}},"5":{"start":{"line":17,"column":8},"end":{"line":26,"column":9}},"6":{"start":{"line":18,"column":12},"end":{"line":22,"column":23}},"7":{"start":{"line":24,"column":12},"end":{"line":24,"column":28}},"8":{"start":{"line":25,"column":12},"end":{"line":25,"column":19}}},"fnMap":{"0":{"name":"(anonymous_0)","decl":{"start":{"line":3,"column":30},"end":{"line":3,"column":31}},"loc":{"start":{"line":3,"column":56},"end":{"line":28,"column":1}},"line":3}},"branchMap":{"0":{"loc":{"start":{"line":5,"column":4},"end":{"line":27,"column":5}},"type":"if","locations":[{"start":{"line":5,"column":4},"end":{"line":27,"column":5}},{"start":{"line":11,"column":11},"end":{"line":27,"column":5}}],"line":5},"1":{"loc":{"start":{"line":17,"column":8},"end":{"line":26,"column":9}},"type":"if","locations":[{"start":{"line":17,"column":8},"end":{"line":26,"column":9}},{"start":{"line":23,"column":15},"end":{"line":26,"column":9}}],"line":17}},"s":{"0":2,"1":9,"2":9,"3":0,"4":9,"5":9,"6":3,"7":6,"8":6},"f":{"0":9},"b":{"0":[0,9],"1":[3,6]},"_coverageSchema":"1a1c01bbd47fc00a2c39e90264f33305004495a9","hash":"7b6f2d53ac9238add7e5738bcee0b0950a7ad58a"}
,"C:\\Users\\arief\\Documents\\Projects\\learn-nodejs-restful-api\\src\\middleware\\error-middleware.js": {"path":"C:\\Users\\arief\\Documents\\Projects\\learn-nodejs-restful-api\\src\\middleware\\error-middleware.js","statementMap":{"0":{"start":{"line":3,"column":24},"end":{"line":22,"column":1}},"1":{"start":{"line":4,"column":4},"end":{"line":7,"column":5}},"2":{"start":{"line":5,"column":8},"end":{"line":5,"column":15}},"3":{"start":{"line":6,"column":8},"end":{"line":6,"column":15}},"4":{"start":{"line":9,"column":4},"end":{"line":21,"column":5}},"5":{"start":{"line":10,"column":8},"end":{"line":14,"column":19}},"6":{"start":{"line":16,"column":8},"end":{"line":20,"column":19}}},"fnMap":{"0":{"name":"(anonymous_0)","decl":{"start":{"line":3,"column":24},"end":{"line":3,"column":25}},"loc":{"start":{"line":3,"column":55},"end":{"line":22,"column":1}},"line":3}},"branchMap":{"0":{"loc":{"start":{"line":4,"column":4},"end":{"line":7,"column":5}},"type":"if","locations":[{"start":{"line":4,"column":4},"end":{"line":7,"column":5}},{"start":{},"end":{}}],"line":4},"1":{"loc":{"start":{"line":9,"column":4},"end":{"line":21,"column":5}},"type":"if","locations":[{"start":{"line":9,"column":4},"end":{"line":21,"column":5}},{"start":{"line":15,"column":11},"end":{"line":21,"column":5}}],"line":9}},"s":{"0":2,"1":6,"2":0,"3":0,"4":6,"5":6,"6":0},"f":{"0":6},"b":{"0":[0,6],"1":[6,0]},"_coverageSchema":"1a1c01bbd47fc00a2c39e90264f33305004495a9","hash":"148c2ddeb1cc69ab817948b50b8b4199097404be"}
,"C:\\Users\\arief\\Documents\\Projects\\learn-nodejs-restful-api\\src\\route\\private-route.js": {"path":"C:\\Users\\arief\\Documents\\Projects\\learn-nodejs-restful-api\\src\\route\\private-route.js","statementMap":{"0":{"start":{"line":7,"column":21},"end":{"line":7,"column":41}},"1":{"start":{"line":8,"column":0},"end":{"line":8,"column":33}},"2":{"start":{"line":10,"column":20},"end":{"line":10,"column":32}},"3":{"start":{"line":11,"column":23},"end":{"line":11,"column":38}},"4":{"start":{"line":14,"column":0},"end":{"line":14,"column":63}},"5":{"start":{"line":15,"column":0},"end":{"line":15,"column":68}},"6":{"start":{"line":16,"column":0},"end":{"line":16,"column":68}},"7":{"start":{"line":19,"column":0},"end":{"line":19,"column":65}}},"fnMap":{},"branchMap":{},"s":{"0":2,"1":2,"2":2,"3":2,"4":2,"5":2,"6":2,"7":2},"f":{},"b":{},"_coverageSchema":"1a1c01bbd47fc00a2c39e90264f33305004495a9","hash":"8174efd95a62660676bacbb118e1d9e6a98f8325"}
,"C:\\Users\\arief\\Documents\\Projects\\learn-nodejs-restful-api\\src\\route\\public-route.js": {"path":"C:\\Users\\arief\\Documents\\Projects\\learn-nodejs-restful-api\\src\\route\\public-route.js","statementMap":{"0":{"start":{"line":4,"column":21},"end":{"line":4,"column":41}},"1":{"start":{"line":5,"column":20},"end":{"line":5,"column":32}},"2":{"start":{"line":8,"column":0},"end":{"line":8,"column":61}},"3":{"start":{"line":9,"column":0},"end":{"line":9,"column":64}}},"fnMap":{},"branchMap":{},"s":{"0":2,"1":2,"2":2,"3":2},"f":{},"b":{},"_coverageSchema":"1a1c01bbd47fc00a2c39e90264f33305004495a9","hash":"3c14b65cda2b99cf9ba8add832bce72ecebe8170"}
,"C:\\Users\\arief\\Documents\\Projects\\learn-nodejs-restful-api\\src\\service\\contact-service.js": {"path":"C:\\Users\\arief\\Documents\\Projects\\learn-nodejs-restful-api\\src\\service\\contact-service.js","statementMap":{"0":{"start":{"line":6,"column":15},"end":{"line":22,"column":1}},"1":{"start":{"line":7,"column":20},"end":{"line":7,"column":62}},"2":{"start":{"line":10,"column":4},"end":{"line":10,"column":37}},"3":{"start":{"line":12,"column":4},"end":{"line":21,"column":7}}},"fnMap":{"0":{"name":"(anonymous_0)","decl":{"start":{"line":6,"column":15},"end":{"line":6,"column":16}},"loc":{"start":{"line":6,"column":40},"end":{"line":22,"column":1}},"line":6}},"branchMap":{},"s":{"0":2,"1":2,"2":1,"3":1},"f":{"0":2},"b":{},"_coverageSchema":"1a1c01bbd47fc00a2c39e90264f33305004495a9","hash":"ca40e85db06ef13a1c33607a6c814bce17f68e38"}
,"C:\\Users\\arief\\Documents\\Projects\\learn-nodejs-restful-api\\src\\service\\user-service.js": {"path":"C:\\Users\\arief\\Documents\\Projects\\learn-nodejs-restful-api\\src\\service\\user-service.js","statementMap":{"0":{"start":{"line":13,"column":17},"end":{"line":35,"column":1}},"1":{"start":{"line":14,"column":17},"end":{"line":14,"column":58}},"2":{"start":{"line":16,"column":22},"end":{"line":20,"column":6}},"3":{"start":{"line":22,"column":4},"end":{"line":24,"column":5}},"4":{"start":{"line":23,"column":8},"end":{"line":23,"column":63}},"5":{"start":{"line":26,"column":4},"end":{"line":26,"column":57}},"6":{"start":{"line":28,"column":4},"end":{"line":34,"column":7}},"7":{"start":{"line":37,"column":14},"end":{"line":76,"column":1}},"8":{"start":{"line":38,"column":25},"end":{"line":38,"column":63}},"9":{"start":{"line":40,"column":17},"end":{"line":48,"column":6}},"10":{"start":{"line":50,"column":4},"end":{"line":52,"column":5}},"11":{"start":{"line":51,"column":8},"end":{"line":51,"column":67}},"12":{"start":{"line":54,"column":28},"end":{"line":57,"column":5}},"13":{"start":{"line":59,"column":4},"end":{"line":61,"column":5}},"14":{"start":{"line":60,"column":8},"end":{"line":60,"column":67}},"15":{"start":{"line":63,"column":18},"end":{"line":63,"column":35}},"16":{"start":{"line":65,"column":4},"end":{"line":75,"column":7}},"17":{"start":{"line":78,"column":12},"end":{"line":95,"column":1}},"18":{"start":{"line":79,"column":4},"end":{"line":79,"column":53}},"19":{"start":{"line":80,"column":17},"end":{"line":88,"column":6}},"20":{"start":{"line":90,"column":4},"end":{"line":92,"column":5}},"21":{"start":{"line":91,"column":8},"end":{"line":91,"column":58}},"22":{"start":{"line":94,"column":4},"end":{"line":94,"column":16}},"23":{"start":{"line":97,"column":15},"end":{"line":130,"column":1}},"24":{"start":{"line":98,"column":17},"end":{"line":98,"column":56}},"25":{"start":{"line":100,"column":32},"end":{"line":104,"column":6}},"26":{"start":{"line":106,"column":4},"end":{"line":108,"column":5}},"27":{"start":{"line":107,"column":8},"end":{"line":107,"column":58}},"28":{"start":{"line":110,"column":17},"end":{"line":110,"column":19}},"29":{"start":{"line":112,"column":4},"end":{"line":114,"column":5}},"30":{"start":{"line":113,"column":8},"end":{"line":113,"column":30}},"31":{"start":{"line":116,"column":4},"end":{"line":118,"column":5}},"32":{"start":{"line":117,"column":8},"end":{"line":117,"column":61}},"33":{"start":{"line":120,"column":4},"end":{"line":129,"column":7}},"34":{"start":{"line":132,"column":15},"end":{"line":154,"column":1}},"35":{"start":{"line":133,"column":4},"end":{"line":133,"column":53}},"36":{"start":{"line":135,"column":17},"end":{"line":139,"column":6}},"37":{"start":{"line":141,"column":4},"end":{"line":143,"column":5}},"38":{"start":{"line":142,"column":8},"end":{"line":142,"column":58}},"39":{"start":{"line":145,"column":4},"end":{"line":153,"column":7}}},"fnMap":{"0":{"name":"(anonymous_0)","decl":{"start":{"line":13,"column":17},"end":{"line":13,"column":18}},"loc":{"start":{"line":13,"column":36},"end":{"line":35,"column":1}},"line":13},"1":{"name":"(anonymous_1)","decl":{"start":{"line":37,"column":14},"end":{"line":37,"column":15}},"loc":{"start":{"line":37,"column":33},"end":{"line":76,"column":1}},"line":37},"2":{"name":"(anonymous_2)","decl":{"start":{"line":78,"column":12},"end":{"line":78,"column":13}},"loc":{"start":{"line":78,"column":32},"end":{"line":95,"column":1}},"line":78},"3":{"name":"(anonymous_3)","decl":{"start":{"line":97,"column":15},"end":{"line":97,"column":16}},"loc":{"start":{"line":97,"column":34},"end":{"line":130,"column":1}},"line":97},"4":{"name":"(anonymous_4)","decl":{"start":{"line":132,"column":15},"end":{"line":132,"column":16}},"loc":{"start":{"line":132,"column":35},"end":{"line":154,"column":1}},"line":132}},"branchMap":{"0":{"loc":{"start":{"line":22,"column":4},"end":{"line":24,"column":5}},"type":"if","locations":[{"start":{"line":22,"column":4},"end":{"line":24,"column":5}},{"start":{},"end":{}}],"line":22},"1":{"loc":{"start":{"line":50,"column":4},"end":{"line":52,"column":5}},"type":"if","locations":[{"start":{"line":50,"column":4},"end":{"line":52,"column":5}},{"start":{},"end":{}}],"line":50},"2":{"loc":{"start":{"line":59,"column":4},"end":{"line":61,"column":5}},"type":"if","locations":[{"start":{"line":59,"column":4},"end":{"line":61,"column":5}},{"start":{},"end":{}}],"line":59},"3":{"loc":{"start":{"line":90,"column":4},"end":{"line":92,"column":5}},"type":"if","locations":[{"start":{"line":90,"column":4},"end":{"line":92,"column":5}},{"start":{},"end":{}}],"line":90},"4":{"loc":{"start":{"line":106,"column":4},"end":{"line":108,"column":5}},"type":"if","locations":[{"start":{"line":106,"column":4},"end":{"line":108,"column":5}},{"start":{},"end":{}}],"line":106},"5":{"loc":{"start":{"line":112,"column":4},"end":{"line":114,"column":5}},"type":"if","locations":[{"start":{"line":112,"column":4},"end":{"line":114,"column":5}},{"start":{},"end":{}}],"line":112},"6":{"loc":{"start":{"line":116,"column":4},"end":{"line":118,"column":5}},"type":"if","locations":[{"start":{"line":116,"column":4},"end":{"line":118,"column":5}},{"start":{},"end":{}}],"line":116},"7":{"loc":{"start":{"line":141,"column":4},"end":{"line":143,"column":5}},"type":"if","locations":[{"start":{"line":141,"column":4},"end":{"line":143,"column":5}},{"start":{},"end":{}}],"line":141}},"s":{"0":2,"1":4,"2":3,"3":3,"4":1,"5":2,"6":2,"7":2,"8":4,"9":3,"10":3,"11":1,"12":2,"13":2,"14":1,"15":1,"16":1,"17":2,"18":1,"19":1,"20":1,"21":0,"22":1,"23":2,"24":2,"25":2,"26":2,"27":0,"28":2,"29":2,"30":1,"31":2,"32":1,"33":2,"34":2,"35":1,"36":1,"37":1,"38":0,"39":1},"f":{"0":4,"1":4,"2":1,"3":2,"4":1},"b":{"0":[1,2],"1":[1,2],"2":[1,1],"3":[0,1],"4":[0,2],"5":[1,1],"6":[1,1],"7":[0,1]},"_coverageSchema":"1a1c01bbd47fc00a2c39e90264f33305004495a9","hash":"73afa5e490e0e6f5cc74918cd065c42165801e99"}
,"C:\\Users\\arief\\Documents\\Projects\\learn-nodejs-restful-api\\src\\validation\\contact-validation.js": {"path":"C:\\Users\\arief\\Documents\\Projects\\learn-nodejs-restful-api\\src\\validation\\contact-validation.js","statementMap":{"0":{"start":{"line":3,"column":32},"end":{"line":8,"column":2}},"1":{"start":{"line":10,"column":29},"end":{"line":10,"column":63}},"2":{"start":{"line":12,"column":32},"end":{"line":18,"column":2}},"3":{"start":{"line":20,"column":32},"end":{"line":26,"column":2}}},"fnMap":{},"branchMap":{},"s":{"0":2,"1":2,"2":2,"3":2},"f":{},"b":{},"_coverageSchema":"1a1c01bbd47fc00a2c39e90264f33305004495a9","hash":"e651fd3dba17c7e47091bb23df3a55721efdcffb"}
,"C:\\Users\\arief\\Documents\\Projects\\learn-nodejs-restful-api\\src\\validation\\user-validation.js": {"path":"C:\\Users\\arief\\Documents\\Projects\\learn-nodejs-restful-api\\src\\validation\\user-validation.js","statementMap":{"0":{"start":{"line":3,"column":31},"end":{"line":7,"column":2}},"1":{"start":{"line":9,"column":28},"end":{"line":12,"column":2}},"2":{"start":{"line":14,"column":26},"end":{"line":14,"column":58}},"3":{"start":{"line":16,"column":29},"end":{"line":20,"column":2}}},"fnMap":{},"branchMap":{},"s":{"0":2,"1":2,"2":2,"3":2},"f":{},"b":{},"_coverageSchema":"1a1c01bbd47fc00a2c39e90264f33305004495a9","hash":"708f6c329f49e0aea9e27bc77837d6ff6ab74975"}
,"C:\\Users\\arief\\Documents\\Projects\\learn-nodejs-restful-api\\src\\validation\\validation.js": {"path":"C:\\Users\\arief\\Documents\\Projects\\learn-nodejs-restful-api\\src\\validation\\validation.js","statementMap":{"0":{"start":{"line":3,"column":17},"end":{"line":13,"column":1}},"1":{"start":{"line":4,"column":19},"end":{"line":7,"column":6}},"2":{"start":{"line":8,"column":4},"end":{"line":12,"column":5}},"3":{"start":{"line":9,"column":8},"end":{"line":9,"column":59}},"4":{"start":{"line":11,"column":8},"end":{"line":11,"column":28}}},"fnMap":{"0":{"name":"(anonymous_0)","decl":{"start":{"line":3,"column":17},"end":{"line":3,"column":18}},"loc":{"start":{"line":3,"column":38},"end":{"line":13,"column":1}},"line":3}},"branchMap":{"0":{"loc":{"start":{"line":8,"column":4},"end":{"line":12,"column":5}},"type":"if","locations":[{"start":{"line":8,"column":4},"end":{"line":12,"column":5}},{"start":{"line":10,"column":11},"end":{"line":12,"column":5}}],"line":8}},"s":{"0":2,"1":14,"2":14,"3":3,"4":11},"f":{"0":14},"b":{"0":[3,11]},"_coverageSchema":"1a1c01bbd47fc00a2c39e90264f33305004495a9","hash":"161e02e7d2605a51abba6e455222c4429146b4fd"}
}
