TN:
SF:__test__\test-util.js
FN:5,(anonymous_0)
FN:13,(anonymous_1)
FN:24,(anonymous_2)
FN:32,(anonymous_3)
FN:40,(anonymous_4)
FN:52,(anonymous_5)
FN:66,(anonymous_6)
FNF:7
FNH:4
FNDA:13,(anonymous_0)
FNDA:13,(anonymous_1)
FNDA:2,(anonymous_2)
FNDA:2,(anonymous_3)
FNDA:0,(anonymous_4)
FNDA:0,(anonymous_5)
FNDA:0,(anonymous_6)
DA:5,2
DA:6,13
DA:13,2
DA:14,13
DA:24,2
DA:25,2
DA:32,2
DA:33,2
DA:40,2
DA:41,0
DA:52,2
DA:53,0
DA:54,0
DA:66,2
DA:67,0
LF:15
LH:11
BRF:0
BRH:0
end_of_record
TN:
SF:src\application\database.js
FN:26,(anonymous_0)
FN:30,(anonymous_1)
FN:34,(anonymous_2)
FN:38,(anonymous_3)
FNF:4
FNH:2
FNDA:0,(anonymous_0)
FNDA:0,(anonymous_1)
FNDA:2,(anonymous_2)
FNDA:193,(anonymous_3)
DA:5,2
DA:26,2
DA:27,0
DA:30,2
DA:31,0
DA:34,2
DA:35,2
DA:38,2
DA:39,193
LF:9
LH:7
BRF:0
BRH:0
end_of_record
TN:
SF:src\application\logging.js
FNF:0
FNH:0
DA:3,2
LF:1
LH:1
BRF:0
BRH:0
end_of_record
TN:
SF:src\application\web.js
FNF:0
FNH:0
DA:6,2
DA:8,2
DA:9,2
DA:10,2
DA:11,2
DA:12,2
LF:6
LH:6
BRF:0
BRH:0
end_of_record
TN:
SF:src\controller\contact-controller.js
FN:3,(anonymous_0)
FNF:1
FNH:1
FNDA:2,(anonymous_0)
DA:3,2
DA:4,2
DA:5,2
DA:6,2
DA:7,2
DA:9,1
DA:13,1
LF:7
LH:7
BRF:0
BRH:0
end_of_record
TN:
SF:src\controller\user-controller.js
FN:3,(anonymous_0)
FN:15,(anonymous_1)
FN:27,(anonymous_2)
FN:39,(anonymous_3)
FN:56,(anonymous_4)
FNF:5
FNH:5
FNDA:4,(anonymous_0)
FNDA:4,(anonymous_1)
FNDA:1,(anonymous_2)
FNDA:2,(anonymous_3)
FNDA:1,(anonymous_4)
DA:3,2
DA:4,4
DA:5,4
DA:7,2
DA:11,2
DA:15,2
DA:16,4
DA:17,4
DA:19,1
DA:23,3
DA:27,2
DA:28,1
DA:29,1
DA:30,1
DA:31,1
DA:35,0
DA:39,2
DA:40,2
DA:41,2
DA:42,2
DA:45,2
DA:47,2
DA:48,2
DA:52,0
DA:56,2
DA:57,1
DA:58,1
DA:59,1
DA:63,0
LF:29
LH:26
BRF:0
BRH:0
end_of_record
TN:
SF:src\error\response-error.js
FN:2,(anonymous_0)
FNF:1
FNH:1
FNDA:6,(anonymous_0)
DA:3,6
DA:4,6
LF:2
LH:2
BRF:0
BRH:0
end_of_record
TN:
SF:src\middleware\auth-middleware.js
FN:3,(anonymous_0)
FNF:1
FNH:1
FNDA:9,(anonymous_0)
DA:3,2
DA:4,9
DA:5,9
DA:6,0
DA:12,9
DA:17,9
DA:18,3
DA:24,6
DA:25,6
LF:9
LH:8
BRDA:5,0,0,0
BRDA:5,0,1,9
BRDA:17,1,0,3
BRDA:17,1,1,6
BRF:4
BRH:3
end_of_record
TN:
SF:src\middleware\error-middleware.js
FN:3,(anonymous_0)
FNF:1
FNH:1
FNDA:6,(anonymous_0)
DA:3,2
DA:4,6
DA:5,0
DA:6,0
DA:9,6
DA:10,6
DA:16,0
LF:7
LH:4
BRDA:4,0,0,0
BRDA:4,0,1,6
BRDA:9,1,0,6
BRDA:9,1,1,0
BRF:4
BRH:2
end_of_record
TN:
SF:src\route\private-route.js
FNF:0
FNH:0
DA:7,2
DA:8,2
DA:10,2
DA:11,2
DA:14,2
DA:15,2
DA:16,2
DA:19,2
LF:8
LH:8
BRF:0
BRH:0
end_of_record
TN:
SF:src\route\public-route.js
FNF:0
FNH:0
DA:4,2
DA:5,2
DA:8,2
DA:9,2
LF:4
LH:4
BRF:0
BRH:0
end_of_record
TN:
SF:src\service\contact-service.js
FN:6,(anonymous_0)
FNF:1
FNH:1
FNDA:2,(anonymous_0)
DA:6,2
DA:7,2
DA:10,1
DA:12,1
LF:4
LH:4
BRF:0
BRH:0
end_of_record
TN:
SF:src\service\user-service.js
FN:13,(anonymous_0)
FN:37,(anonymous_1)
FN:78,(anonymous_2)
FN:97,(anonymous_3)
FN:132,(anonymous_4)
FNF:5
FNH:5
FNDA:4,(anonymous_0)
FNDA:4,(anonymous_1)
FNDA:1,(anonymous_2)
FNDA:2,(anonymous_3)
FNDA:1,(anonymous_4)
DA:13,2
DA:14,4
DA:16,3
DA:22,3
DA:23,1
DA:26,2
DA:28,2
DA:37,2
DA:38,4
DA:40,3
DA:50,3
DA:51,1
DA:54,2
DA:59,2
DA:60,1
DA:63,1
DA:65,1
DA:78,2
DA:79,1
DA:80,1
DA:90,1
DA:91,0
DA:94,1
DA:97,2
DA:98,2
DA:100,2
DA:106,2
DA:107,0
DA:110,2
DA:112,2
DA:113,1
DA:116,2
DA:117,1
DA:120,2
DA:132,2
DA:133,1
DA:135,1
DA:141,1
DA:142,0
DA:145,1
LF:40
LH:37
BRDA:22,0,0,1
BRDA:22,0,1,2
BRDA:50,1,0,1
BRDA:50,1,1,2
BRDA:59,2,0,1
BRDA:59,2,1,1
BRDA:90,3,0,0
BRDA:90,3,1,1
BRDA:106,4,0,0
BRDA:106,4,1,2
BRDA:112,5,0,1
BRDA:112,5,1,1
BRDA:116,6,0,1
BRDA:116,6,1,1
BRDA:141,7,0,0
BRDA:141,7,1,1
BRF:16
BRH:13
end_of_record
TN:
SF:src\validation\contact-validation.js
FNF:0
FNH:0
DA:3,2
DA:10,2
DA:12,2
DA:20,2
LF:4
LH:4
BRF:0
BRH:0
end_of_record
TN:
SF:src\validation\user-validation.js
FNF:0
FNH:0
DA:3,2
DA:9,2
DA:14,2
DA:16,2
LF:4
LH:4
BRF:0
BRH:0
end_of_record
TN:
SF:src\validation\validation.js
FN:3,(anonymous_0)
FNF:1
FNH:1
FNDA:14,(anonymous_0)
DA:3,2
DA:4,14
DA:8,14
DA:9,3
DA:11,11
LF:5
LH:5
BRDA:8,0,0,3
BRDA:8,0,1,11
BRF:2
BRH:2
end_of_record
